ТЕСТ 1
///////////////////////////////////////////////
Время создания через IGraph:
	ListGraph:	0
	MatrixGraph:	0
	SetGraph:	0
	ArcGraph:	0

Время печати графов и корректность работы:
	ListGraph:

	Время работы:	0

	MatrixGraph:

	Время работы:	0

	SetGraph:

	Время работы:	0

	ArcGraph:

	Время работы:	0

ТЕСТ 2
///////////////////////////////////////////////
Время создания через IGraph:
	ListGraph:	0
	MatrixGraph:	0
	SetGraph:	0
	ArcGraph:	0

Время печати графов и корректность работы:
	ListGraph:

	Время работы:	0

	MatrixGraph:

	Время работы:	0

	SetGraph:

	Время работы:	0

	ArcGraph:

	Время работы:	0

ТЕСТ 3
///////////////////////////////////////////////
Время создания через IGraph:
	ListGraph:	0
	MatrixGraph:	0
	SetGraph:	0
	ArcGraph:	0

Время печати графов и корректность работы:
	ListGraph:

	Время работы:	0.016

	MatrixGraph:

	Время работы:	0.047

	SetGraph:

	Время работы:	0

	ArcGraph:

	Время работы:	0.078

ТЕСТ 4
///////////////////////////////////////////////
Время создания через IGraph:
	ListGraph:	0.015
	MatrixGraph:	0.047
	SetGraph:	0.078
	ArcGraph:	0.016

Время печати графов и корректность работы:
	ListGraph:

	Время работы:	0.015

	MatrixGraph:

	Время работы:	5.884

	SetGraph:

	Время работы:	0.031

	ArcGraph:

	Время работы:	9.474

